Determining if the pthread_create exist failed with the following output:
Change Dir: /home/ckisailus/catkin_ws/build/CMakeFiles/CMakeTmp

Run Build Command:"/usr/bin/make" "cmTC_661db/fast"
/usr/bin/make -f CMakeFiles/cmTC_661db.dir/build.make CMakeFiles/cmTC_661db.dir/build
make[1]: Entering directory '/home/ckisailus/catkin_ws/build/CMakeFiles/CMakeTmp'
Building C object CMakeFiles/cmTC_661db.dir/CheckSymbolExists.c.o
/usr/bin/cc     -o CMakeFiles/cmTC_661db.dir/CheckSymbolExists.c.o   -c /home/ckisailus/catkin_ws/build/CMakeFiles/CMakeTmp/CheckSymbolExists.c
Linking C executable cmTC_661db
/usr/bin/cmake -E cmake_link_script CMakeFiles/cmTC_661db.dir/link.txt --verbose=1
/usr/bin/cc       CMakeFiles/cmTC_661db.dir/CheckSymbolExists.c.o  -o cmTC_661db -rdynamic 
CMakeFiles/cmTC_661db.dir/CheckSymbolExists.c.o: In function `main':
CheckSymbolExists.c:(.text+0x16): undefined reference to `pthread_create'
collect2: error: ld returned 1 exit status
CMakeFiles/cmTC_661db.dir/build.make:97: recipe for target 'cmTC_661db' failed
make[1]: *** [cmTC_661db] Error 1
make[1]: Leaving directory '/home/ckisailus/catkin_ws/build/CMakeFiles/CMakeTmp'
Makefile:126: recipe for target 'cmTC_661db/fast' failed
make: *** [cmTC_661db/fast] Error 2

File /home/ckisailus/catkin_ws/build/CMakeFiles/CMakeTmp/CheckSymbolExists.c:
/* */
#include <pthread.h>

int main(int argc, char** argv)
{
  (void)argv;
#ifndef pthread_create
  return ((int*)(&pthread_create))[argc];
#else
  (void)argc;
  return 0;
#endif
}

Determining if the function pthread_create exists in the pthreads failed with the following output:
Change Dir: /home/ckisailus/catkin_ws/build/CMakeFiles/CMakeTmp

Run Build Command:"/usr/bin/make" "cmTC_85627/fast"
/usr/bin/make -f CMakeFiles/cmTC_85627.dir/build.make CMakeFiles/cmTC_85627.dir/build
make[1]: Entering directory '/home/ckisailus/catkin_ws/build/CMakeFiles/CMakeTmp'
Building C object CMakeFiles/cmTC_85627.dir/CheckFunctionExists.c.o
/usr/bin/cc    -DCHECK_FUNCTION_EXISTS=pthread_create   -o CMakeFiles/cmTC_85627.dir/CheckFunctionExists.c.o   -c /usr/share/cmake-3.5/Modules/CheckFunctionExists.c
Linking C executable cmTC_85627
/usr/bin/cmake -E cmake_link_script CMakeFiles/cmTC_85627.dir/link.txt --verbose=1
/usr/bin/cc   -DCHECK_FUNCTION_EXISTS=pthread_create    CMakeFiles/cmTC_85627.dir/CheckFunctionExists.c.o  -o cmTC_85627 -rdynamic -lpthreads 
/usr/bin/ld: cannot find -lpthreads
collect2: error: ld returned 1 exit status
CMakeFiles/cmTC_85627.dir/build.make:97: recipe for target 'cmTC_85627' failed
make[1]: *** [cmTC_85627] Error 1
make[1]: Leaving directory '/home/ckisailus/catkin_ws/build/CMakeFiles/CMakeTmp'
Makefile:126: recipe for target 'cmTC_85627/fast' failed
make: *** [cmTC_85627/fast] Error 2


